<?xml version="1.0" encoding="UTF-8"?>
<testng-results skipped="0" failed="0" ignored="1" total="2" passed="1">
  <reporter-output>
  </reporter-output>
  <suite name="Default suite" duration-ms="2139" started-at="2021-03-03T20:50:19 IST" finished-at="2021-03-03T20:50:21 IST">
    <groups>
    </groups>
    <test name="Default test" duration-ms="2139" started-at="2021-03-03T20:50:19 IST" finished-at="2021-03-03T20:50:21 IST">
      <class name="Sel">
        <test-method status="PASS" signature="beforeMethod()[pri:0, instance:Sel@3b088d51]" name="beforeMethod" is-config="true" duration-ms="1973" started-at="2021-03-03T20:50:19 IST" finished-at="2021-03-03T20:50:21 IST">
          <reporter-output>
          </reporter-output>
        </test-method> <!-- beforeMethod -->
        <test-method status="PASS" signature="Test2()[pri:0, instance:Sel@3b088d51]" name="Test2" duration-ms="7" started-at="2021-03-03T20:50:21 IST" finished-at="2021-03-03T20:50:21 IST">
          <reporter-output>
          </reporter-output>
        </test-method> <!-- Test2 -->
        <test-method status="PASS" signature="afterMethod()[pri:0, instance:Sel@3b088d51]" name="afterMethod" is-config="true" duration-ms="115" started-at="2021-03-03T20:50:21 IST" finished-at="2021-03-03T20:50:21 IST">
          <reporter-output>
          </reporter-output>
        </test-method> <!-- afterMethod -->
      </class> <!-- Sel -->
    </test> <!-- Default test -->
  </suite> <!-- Default suite -->
</testng-results>
